#
# There is insufficient memory for the Java Runtime Environment to continue.
# Native memory allocation (mmap) failed to map 864026624 bytes for committing reserved memory.
# Possible reasons:
#   The system is out of physical RAM or swap space
#   In 32 bit mode, the process size limit was hit
# Possible solutions:
#   Reduce memory load on the system
#   Increase physical memory or swap space
#   Check if swap backing store is full
#   Use 64 bit Java on a 64 bit OS
#   Decrease Java heap size (-Xmx/-Xms)
#   Decrease number of Java threads
#   Decrease Java thread stack sizes (-Xss)
#   Set larger code cache with -XX:ReservedCodeCacheSize=
# This output file may be truncated or incomplete.
#
#  Out of Memory Error (os_linux.cpp:2627), pid=17486, tid=0x00007fa4f41ca700
#
# JRE version:  (8.0_92-b14) (build )
# Java VM: Java HotSpot(TM) 64-Bit Server VM (25.92-b14 mixed mode linux-amd64 compressed oops)
# Failed to write core dump. Core dumps have been disabled. To enable core dumping, try "ulimit -c unlimited" before starting Java again
#

---------------  T H R E A D  ---------------

Current thread (0x00007fa4ec00bdb0):  JavaThread "Unknown thread" [_thread_in_vm, id=17568, stack(0x00007fa4f418a000,0x00007fa4f41cb000)]

Stack: [0x00007fa4f418a000,0x00007fa4f41cb000],  sp=0x00007fa4f41c9370,  free space=252k
Native frames: (J=compiled Java code, j=interpreted, Vv=VM code, C=native code)
V  [libjvm.so+0xabd65a]  VMError::report_and_die()+0x2ba
V  [libjvm.so+0x4fb4db]  report_vm_out_of_memory(char const*, int, unsigned long, VMErrorType, char const*)+0x8b
V  [libjvm.so+0x91d713]  os::Linux::commit_memory_impl(char*, unsigned long, bool)+0x103
V  [libjvm.so+0x91dc69]  os::pd_commit_memory(char*, unsigned long, unsigned long, bool)+0x29
V  [libjvm.so+0x917f6a]  os::commit_memory(char*, unsigned long, unsigned long, bool)+0x2a
V  [libjvm.so+0xab93b9]  VirtualSpace::expand_by(unsigned long, bool)+0x199
V  [libjvm.so+0xab9f0e]  VirtualSpace::initialize(ReservedSpace, unsigned long)+0xee
V  [libjvm.so+0x5f8d41]  CardGeneration::CardGeneration(ReservedSpace, unsigned long, int, GenRemSet*)+0xf1
V  [libjvm.so+0x4e4b3e]  ConcurrentMarkSweepGeneration::ConcurrentMarkSweepGeneration(ReservedSpace, unsigned long, int, CardTableRS*, bool, FreeBlockDictionary<FreeChunk>::DictionaryChoice)+0x4e
V  [libjvm.so+0x5f9e02]  GenerationSpec::init(ReservedSpace, int, GenRemSet*)+0xf2
V  [libjvm.so+0x5e8aee]  GenCollectedHeap::initialize()+0x1de
V  [libjvm.so+0xa85f73]  Universe::initialize_heap()+0xf3
V  [libjvm.so+0xa861be]  universe_init()+0x3e
V  [libjvm.so+0x63b115]  init_globals()+0x65
V  [libjvm.so+0xa6a41e]  Threads::create_vm(JavaVMInitArgs*, bool*)+0x23e
V  [libjvm.so+0x6cf994]  JNI_CreateJavaVM+0x74
C  [libjli.so+0x745e]  JavaMain+0x9e
C  [libpthread.so.0+0x76ba]  start_thread+0xca


---------------  P R O C E S S  ---------------

Java Threads: ( => current thread )

Other Threads:

=>0x00007fa4ec00bdb0 (exited) JavaThread "Unknown thread" [_thread_in_vm, id=17568, stack(0x00007fa4f418a000,0x00007fa4f41cb000)]

VM state:not at safepoint (not fully initialized)

VM Mutex/Monitor currently owned by a thread: None

GC Heap History (0 events):
No events

Deoptimization events (0 events):
No events

Internal exceptions (0 events):
No events

Events (0 events):
No events


Dynamic libraries:
00400000-00401000 r-xp 00000000 08:01 1319583                            /usr/local/bin/java
00600000-00601000 rw-p 00000000 08:01 1319583                            /usr/local/bin/java
00bb5000-00bd6000 rw-p 00000000 00:00 0                                  [heap]
c0000000-cc800000 rw-p 00000000 00:00 0 
7fa4d0000000-7fa4d0021000 rw-p 00000000 00:00 0 
7fa4d0021000-7fa4d4000000 ---p 00000000 00:00 0 
7fa4d8000000-7fa4d8021000 rw-p 00000000 00:00 0 
7fa4d8021000-7fa4dc000000 ---p 00000000 00:00 0 
7fa4dd000000-7fa4dd270000 rwxp 00000000 00:00 0 
7fa4dd270000-7fa4ec000000 ---p 00000000 00:00 0 
7fa4ec000000-7fa4ec03b000 rw-p 00000000 00:00 0 
7fa4ec03b000-7fa4f0000000 ---p 00000000 00:00 0 
7fa4f0b2c000-7fa4f1017000 rw-p 00000000 00:00 0 
7fa4f1017000-7fa4f11b3000 ---p 00000000 00:00 0 
7fa4f11b3000-7fa4f11b4000 rw-p 00000000 00:00 0 
7fa4f11b4000-7fa4f11b5000 ---p 00000000 00:00 0 
7fa4f11b5000-7fa4f12bf000 rw-p 00000000 00:00 0 
7fa4f12bf000-7fa4f1675000 ---p 00000000 00:00 0 
7fa4f1675000-7fa4f168f000 r-xp 00000000 08:01 1838983                    /usr/local/jre/lib/amd64/libzip.so
7fa4f168f000-7fa4f188f000 ---p 0001a000 08:01 1838983                    /usr/local/jre/lib/amd64/libzip.so
7fa4f188f000-7fa4f1890000 rw-p 0001a000 08:01 1838983                    /usr/local/jre/lib/amd64/libzip.so
7fa4f1890000-7fa4f189a000 r-xp 00000000 08:01 1838992                    /usr/local/jre/lib/amd64/libinstrument.so
7fa4f189a000-7fa4f1a99000 ---p 0000a000 08:01 1838992                    /usr/local/jre/lib/amd64/libinstrument.so
7fa4f1a99000-7fa4f1a9a000 rw-p 00009000 08:01 1838992                    /usr/local/jre/lib/amd64/libinstrument.so
7fa4f1a9a000-7fa4f1aa4000 r-xp 00000000 08:01 1317078                    /usr/lib/x86_64-linux-gnu/libnuma.so.1.0.0
7fa4f1aa4000-7fa4f1ca3000 ---p 0000a000 08:01 1317078                    /usr/lib/x86_64-linux-gnu/libnuma.so.1.0.0
7fa4f1ca3000-7fa4f1ca4000 r--p 00009000 08:01 1317078                    /usr/lib/x86_64-linux-gnu/libnuma.so.1.0.0
7fa4f1ca4000-7fa4f1ca5000 rw-p 0000a000 08:01 1317078                    /usr/lib/x86_64-linux-gnu/libnuma.so.1.0.0
7fa4f1ca5000-7fa4f1ccf000 r-xp 00000000 08:01 1838978                    /usr/local/jre/lib/amd64/libjava.so
7fa4f1ccf000-7fa4f1ecf000 ---p 0002a000 08:01 1838978                    /usr/local/jre/lib/amd64/libjava.so
7fa4f1ecf000-7fa4f1ed1000 rw-p 0002a000 08:01 1838978                    /usr/local/jre/lib/amd64/libjava.so
7fa4f1ed1000-7fa4f1ede000 r-xp 00000000 08:01 1838982                    /usr/local/jre/lib/amd64/libverify.so
7fa4f1ede000-7fa4f20de000 ---p 0000d000 08:01 1838982                    /usr/local/jre/lib/amd64/libverify.so
7fa4f20de000-7fa4f20e0000 rw-p 0000d000 08:01 1838982                    /usr/local/jre/lib/amd64/libverify.so
7fa4f20e0000-7fa4f20e7000 r-xp 00000000 08:01 4195649                    /lib/x86_64-linux-gnu/librt-2.23.so
7fa4f20e7000-7fa4f22e6000 ---p 00007000 08:01 4195649                    /lib/x86_64-linux-gnu/librt-2.23.so
7fa4f22e6000-7fa4f22e7000 r--p 00006000 08:01 4195649                    /lib/x86_64-linux-gnu/librt-2.23.so
7fa4f22e7000-7fa4f22e8000 rw-p 00007000 08:01 4195649                    /lib/x86_64-linux-gnu/librt-2.23.so
7fa4f22e8000-7fa4f23f0000 r-xp 00000000 08:01 4194357                    /lib/x86_64-linux-gnu/libm-2.23.so
7fa4f23f0000-7fa4f25ef000 ---p 00108000 08:01 4194357                    /lib/x86_64-linux-gnu/libm-2.23.so
7fa4f25ef000-7fa4f25f0000 r--p 00107000 08:01 4194357                    /lib/x86_64-linux-gnu/libm-2.23.so
7fa4f25f0000-7fa4f25f1000 rw-p 00108000 08:01 4194357                    /lib/x86_64-linux-gnu/libm-2.23.so
7fa4f25f1000-7fa4f32b4000 r-xp 00000000 08:01 1838961                    /usr/local/jre/lib/amd64/server/libjvm.so
7fa4f32b4000-7fa4f34b3000 ---p 00cc3000 08:01 1838961                    /usr/local/jre/lib/amd64/server/libjvm.so
7fa4f34b3000-7fa4f358c000 rw-p 00cc2000 08:01 1838961                    /usr/local/jre/lib/amd64/server/libjvm.so
7fa4f358c000-7fa4f35d7000 rw-p 00000000 00:00 0 
7fa4f35d7000-7fa4f3797000 r-xp 00000000 08:01 4194697                    /lib/x86_64-linux-gnu/libc-2.23.so
7fa4f3797000-7fa4f3997000 ---p 001c0000 08:01 4194697                    /lib/x86_64-linux-gnu/libc-2.23.so
7fa4f3997000-7fa4f399b000 r--p 001c0000 08:01 4194697                    /lib/x86_64-linux-gnu/libc-2.23.so
7fa4f399b000-7fa4f399d000 rw-p 001c4000 08:01 4194697                    /lib/x86_64-linux-gnu/libc-2.23.so
7fa4f399d000-7fa4f39a1000 rw-p 00000000 00:00 0 
7fa4f39a1000-7fa4f39a4000 r-xp 00000000 08:01 4194811                    /lib/x86_64-linux-gnu/libdl-2.23.so
7fa4f39a4000-7fa4f3ba3000 ---p 00003000 08:01 4194811                    /lib/x86_64-linux-gnu/libdl-2.23.so
7fa4f3ba3000-7fa4f3ba4000 r--p 00002000 08:01 4194811                    /lib/x86_64-linux-gnu/libdl-2.23.so
7fa4f3ba4000-7fa4f3ba5000 rw-p 00003000 08:01 4194811                    /lib/x86_64-linux-gnu/libdl-2.23.so
7fa4f3ba5000-7fa4f3bba000 r-xp 00000000 08:01 1446278                    /usr/local/lib/amd64/jli/libjli.so
7fa4f3bba000-7fa4f3dba000 ---p 00015000 08:01 1446278                    /usr/local/lib/amd64/jli/libjli.so
7fa4f3dba000-7fa4f3dbb000 rw-p 00015000 08:01 1446278                    /usr/local/lib/amd64/jli/libjli.so
7fa4f3dbb000-7fa4f3dd3000 r-xp 00000000 08:01 4194695                    /lib/x86_64-linux-gnu/libpthread-2.23.so
7fa4f3dd3000-7fa4f3fd2000 ---p 00018000 08:01 4194695                    /lib/x86_64-linux-gnu/libpthread-2.23.so
7fa4f3fd2000-7fa4f3fd3000 r--p 00017000 08:01 4194695                    /lib/x86_64-linux-gnu/libpthread-2.23.so
7fa4f3fd3000-7fa4f3fd4000 rw-p 00018000 08:01 4194695                    /lib/x86_64-linux-gnu/libpthread-2.23.so
7fa4f3fd4000-7fa4f3fd8000 rw-p 00000000 00:00 0 
7fa4f3fd8000-7fa4f3ffe000 r-xp 00000000 08:01 4194693                    /lib/x86_64-linux-gnu/ld-2.23.so
7fa4f4089000-7fa4f408a000 ---p 00000000 00:00 0 
7fa4f408a000-7fa4f418a000 rw-p 00000000 00:00 0 
7fa4f418a000-7fa4f418d000 ---p 00000000 00:00 0 
7fa4f418d000-7fa4f41d0000 rw-p 00000000 00:00 0 
7fa4f41f3000-7fa4f41fc000 rw-p 00000000 00:00 0 
7fa4f41fc000-7fa4f41fd000 r--p 00000000 00:00 0 
7fa4f41fd000-7fa4f41fe000 r--p 00025000 08:01 4194693                    /lib/x86_64-linux-gnu/ld-2.23.so
7fa4f41fe000-7fa4f41ff000 rw-p 00026000 08:01 4194693                    /lib/x86_64-linux-gnu/ld-2.23.so
7fa4f41ff000-7fa4f4200000 rw-p 00000000 00:00 0 
7ffce31a7000-7ffce31c9000 rw-p 00000000 00:00 0                          [stack]
7ffce31eb000-7ffce31ee000 r--p 00000000 00:00 0                          [vvar]
7ffce31ee000-7ffce31f0000 r-xp 00000000 00:00 0                          [vdso]
ffffffffff600000-ffffffffff601000 r-xp 00000000 00:00 0                  [vsyscall]

VM Arguments:
jvm_args: -Xloggc:bin/../logs/gc.log -ea -XX:+UseThreadPriorities -XX:ThreadPriorityPolicy=42 -XX:+HeapDumpOnOutOfMemoryError -Xss256k -XX:StringTableSize=1000003 -XX:+AlwaysPreTouch -XX:-UseBiasedLocking -XX:+UseTLAB -XX:+ResizeTLAB -XX:+UseNUMA -XX:+PerfDisableSharedMem -Djava.net.preferIPv4Stack=true -XX:+UseParNewGC -XX:+UseConcMarkSweepGC -XX:+CMSParallelRemarkEnabled -XX:SurvivorRatio=8 -XX:MaxTenuringThreshold=1 -XX:CMSInitiatingOccupancyFraction=75 -XX:+UseCMSInitiatingOccupancyOnly -XX:CMSWaitDuration=10000 -XX:+CMSParallelInitialMarkEnabled -XX:+CMSEdenChunksRecordAlways -XX:+CMSClassUnloadingEnabled -XX:+PrintGCDetails -XX:+PrintGCDateStamps -XX:+PrintHeapAtGC -XX:+PrintTenuringDistribution -XX:+PrintGCApplicationStoppedTime -XX:+PrintPromotionFailure -XX:+UseGCLogFileRotation -XX:NumberOfGCLogFiles=10 -XX:GCLogFileSize=10M -Xms1024M -Xmx1024M -Xmn200M -XX:+UseCondCardMark -XX:CompileCommandFile=bin/../conf/hotspot_compiler -javaagent:bin/../lib/jamm-0.3.0.jar -Dcassandra.jmx.local.port=7199 -Dcom.sun.management.jmxremote.authenticate=false -Dcom.sun.management.jmxremote.password.file=/etc/cassandra/jmxremote.password -Djava.library.path=bin/../lib/sigar-bin -Dlogback.configurationFile=logback.xml -Dcassandra.logdir=bin/../logs -Dcassandra.storagedir=bin/../data -Dcassandra-foreground=yes 
java_command: org.apache.cassandra.service.CassandraDaemon
java_class_path (initial): bin/../conf:bin/../build/classes/main:bin/../lib/HdrHistogram-2.1.9.jar:bin/../lib/ST4-4.0.8.jar:bin/../lib/airline-0.7.jar:bin/../lib/antlr-runtime-3.5.2.jar:bin/../lib/asm-5.0.4.jar:bin/../lib/caffeine-2.3.5.jar:bin/../lib/cassandra-driver-core-3.4.0-3d1e4f3-java1196-SNAPSHOT-shaded.jar:bin/../lib/commons-cli-1.1.jar:bin/../lib/commons-codec-1.9.jar:bin/../lib/commons-lang3-3.1.jar:bin/../lib/commons-math3-3.2.jar:bin/../lib/concurrent-trees-2.4.0.jar:bin/../lib/ecj-4.4.2.jar:bin/../lib/guava-18.0.jar:bin/../lib/high-scale-lib-1.0.6.jar:bin/../lib/hppc-0.5.4.jar:bin/../lib/jackson-core-asl-1.9.13.jar:bin/../lib/jackson-mapper-asl-1.9.13.jar:bin/../lib/jamm-0.3.0.jar:bin/../lib/javax.inject.jar:bin/../lib/jbcrypt-0.3m.jar:bin/../lib/jcl-over-slf4j-1.7.25.jar:bin/../lib/jctools-core-1.2.1.jar:bin/../lib/jflex-1.6.0.jar:bin/../lib/jna-4.2.2.jar:bin/../lib/joda-time-2.4.jar:bin/../lib/json-simple-1.1.jar:bin/../lib/jstackjunit-0.0.1.jar:bin/../lib/log4j-over-slf4j-1.7.25.jar:bin/../lib/logback-classic-1.1.3.jar:bin/../lib/logback-core-1.1.3.jar:bin/../lib/lz4-java-1.4.0.jar:bin/../lib/metrics-core-3.1.5.jar:bin/../lib/metrics-jvm-3.1.5.jar:bin/../lib/metrics-logback-3.1.5.jar:bin/../lib/netty-all-4.1.14.Final.jar:bin/../lib/ohc-core-0.4.4.jar:bin/../lib/ohc-core-j8-0.4.4.jar:bin/../lib/psjava-0.1.19.jar:bin/../lib/reporter-config-base-3.0.3.jar:bin/../lib/reporter-config3-3.0.3.jar:bin/../lib/sigar-1.6.4.jar:bin/../lib/slf4j-api-1.7.25.jar:bin/../lib/snakeyaml-1.11.jar:bin/../lib/snappy-java-1.1.2.6.jar:bin/../lib/snowball-stemmer-1.3.0.581.1.jar:bin/../lib/stream-2.5.2.jar:bin/../lib/jsr223/*/*.jar:bin/../lib/jamm-0.3.0.jar
Launcher Type: SUN_STANDARD

Environment Variables:
PATH=/home/user/bin:/usr/local/sbin:/usr/local/bin:/usr/sbin:/usr/bin:/sbin:/bin:/usr/games:/usr/local/games:/snap/bin
SHELL=/bin/bash
DISPLAY=:0.0

Signal Handlers:
SIGSEGV: [libjvm.so+0xabdee0], sa_mask[0]=11111111011111111101111111111110, sa_flags=SA_RESTART|SA_SIGINFO
SIGBUS: [libjvm.so+0xabdee0], sa_mask[0]=11111111011111111101111111111110, sa_flags=SA_RESTART|SA_SIGINFO
SIGFPE: [libjvm.so+0x91a580], sa_mask[0]=11111111011111111101111111111110, sa_flags=SA_RESTART|SA_SIGINFO
SIGPIPE: [libjvm.so+0x91a580], sa_mask[0]=11111111011111111101111111111110, sa_flags=SA_RESTART|SA_SIGINFO
SIGXFSZ: [libjvm.so+0x91a580], sa_mask[0]=11111111011111111101111111111110, sa_flags=SA_RESTART|SA_SIGINFO
SIGILL: [libjvm.so+0x91a580], sa_mask[0]=11111111011111111101111111111110, sa_flags=SA_RESTART|SA_SIGINFO
SIGUSR1: SIG_DFL, sa_mask[0]=00000000000000000000000000000000, sa_flags=none
SIGUSR2: [libjvm.so+0x91bbb0], sa_mask[0]=00000000000000000000000000000000, sa_flags=SA_RESTART|SA_SIGINFO
SIGHUP: SIG_DFL, sa_mask[0]=00000000000000000000000000000000, sa_flags=none
SIGINT: SIG_DFL, sa_mask[0]=00000000000000000000000000000000, sa_flags=none
SIGTERM: SIG_DFL, sa_mask[0]=00000000000000000000000000000000, sa_flags=none
SIGQUIT: SIG_DFL, sa_mask[0]=00000000000000000000000000000000, sa_flags=none


---------------  S Y S T E M  ---------------

OS:DISTRIB_ID=Ubuntu
DISTRIB_RELEASE=16.04
DISTRIB_CODENAME=xenial
DISTRIB_DESCRIPTION="Ubuntu 16.04.3 LTS"

uname:Linux 4.4.0-112-generic #135-Ubuntu SMP Fri Jan 19 11:48:36 UTC 2018 x86_64
libc:glibc 2.23 NPTL 2.23 
rlimit: STACK 8192k, CORE 0k, NPROC 15251, NOFILE 1048576, AS infinity
load average:1.62 2.73 2.46

/proc/meminfo:
MemTotal:        3945420 kB
MemFree:          121280 kB
MemAvailable:     254684 kB
Buffers:          109320 kB
Cached:           556928 kB
SwapCached:        27548 kB
Active:          2541676 kB
Inactive:        1053380 kB
Active(anon):    2387036 kB
Inactive(anon):   898024 kB
Active(file):     154640 kB
Inactive(file):   155356 kB
Unevictable:          32 kB
Mlocked:              32 kB
SwapTotal:       4091900 kB
SwapFree:         321240 kB
Dirty:               272 kB
Writeback:             0 kB
AnonPages:       2902040 kB
Mapped:           164068 kB
Shmem:            355964 kB
Slab:              97576 kB
SReclaimable:      56512 kB
SUnreclaim:        41064 kB
KernelStack:       16752 kB
PageTables:        59024 kB
NFS_Unstable:          0 kB
Bounce:                0 kB
WritebackTmp:          0 kB
CommitLimit:     6064608 kB
Committed_AS:   14870636 kB
VmallocTotal:   34359738367 kB
VmallocUsed:           0 kB
VmallocChunk:          0 kB
HardwareCorrupted:     0 kB
AnonHugePages:    350208 kB
CmaTotal:              0 kB
CmaFree:               0 kB
HugePages_Total:       0
HugePages_Free:        0
HugePages_Rsvd:        0
HugePages_Surp:        0
Hugepagesize:       2048 kB
DirectMap4k:      169236 kB
DirectMap2M:     3923968 kB


CPU:total 2 (2 cores per cpu, 1 threads per core) family 6 model 23 stepping 10, cmov, cx8, fxsr, mmx, sse, sse2, sse3, ssse3, tsc

/proc/cpuinfo:
processor	: 0
vendor_id	: GenuineIntel
cpu family	: 6
model		: 23
model name	: Genuine Intel(R) CPU           U4100  @ 1.30GHz
stepping	: 10
microcode	: 0xa07
cpu MHz		: 1300.000
cache size	: 2048 KB
physical id	: 0
siblings	: 2
core id		: 0
cpu cores	: 2
apicid		: 0
initial apicid	: 0
fpu		: yes
fpu_exception	: yes
cpuid level	: 13
wp		: yes
flags		: fpu vme de pse tsc msr pae mce cx8 apic sep mtrr pge mca cmov pat pse36 clflush dts acpi mmx fxsr sse sse2 ss ht tm pbe syscall nx lm constant_tsc arch_perfmon pebs bts rep_good nopl aperfmperf pni dtes64 monitor ds_cpl est tm2 ssse3 cx16 xtpr pdcm xsave lahf_lm kaiser dtherm
bugs		:
bogomips	: 2593.43
clflush size	: 64
cache_alignment	: 64
address sizes	: 36 bits physical, 48 bits virtual
power management:

processor	: 1
vendor_id	: GenuineIntel
cpu family	: 6
model		: 23
model name	: Genuine Intel(R) CPU           U4100  @ 1.30GHz
stepping	: 10
microcode	: 0xa07
cpu MHz		: 1300.000
cache size	: 2048 KB
physical id	: 0
siblings	: 2
core id		: 1
cpu cores	: 2
apicid		: 1
initial apicid	: 1
fpu		: yes
fpu_exception	: yes
cpuid level	: 13
wp		: yes
flags		: fpu vme de pse tsc msr pae mce cx8 apic sep mtrr pge mca cmov pat pse36 clflush dts acpi mmx fxsr sse sse2 ss ht tm pbe syscall nx lm constant_tsc arch_perfmon pebs bts rep_good nopl aperfmperf pni dtes64 monitor ds_cpl est tm2 ssse3 cx16 xtpr pdcm xsave lahf_lm kaiser dtherm
bugs		:
bogomips	: 2593.43
clflush size	: 64
cache_alignment	: 64
address sizes	: 36 bits physical, 48 bits virtual
power management:



Memory: 4k page, physical 3945420k(121280k free), swap 4091900k(321240k free)

vm_info: Java HotSpot(TM) 64-Bit Server VM (25.92-b14) for linux-amd64 JRE (1.8.0_92-b14), built on Mar 31 2016 21:08:29 by "java_re" with gcc 4.3.0 20080428 (Red Hat 4.3.0-8)

time: Thu Jan 25 16:35:04 2018
elapsed time: 1 seconds (0d 0h 0m 1s)

